Analysis & Synthesis report for square_adder
Fri Dec 20 15:48:25 2024
Quartus Prime Version 20.1.1 Build 720 11/11/2020 SJ Lite Edition


---------------------
; Table of Contents ;
---------------------
  1. Legal Notice
  2. Analysis & Synthesis Summary
  3. Analysis & Synthesis Settings
  4. Parallel Compilation
  5. Analysis & Synthesis Source Files Read
  6. Analysis & Synthesis Resource Usage Summary
  7. Analysis & Synthesis Resource Utilization by Entity
  8. General Register Statistics
  9. Multiplexer Restructuring Statistics (Restructuring Performed)
 10. Port Connectivity Checks: "decoderHex:inst_decoderHex"
 11. Port Connectivity Checks: "FFD:inst_FFD"
 12. Port Connectivity Checks: "registry_8bits:inst_registry_8bits"
 13. Port Connectivity Checks: "adder_8bits:inst_adder_8bits|full_adder:instance_full_adder_1"
 14. Port Connectivity Checks: "asm:inst_asm|FFD:Flip_Flop_Q0"
 15. Port Connectivity Checks: "asm:inst_asm|FFD:Flip_Flop_Q1"
 16. Port Connectivity Checks: "asm:inst_asm|FFD:Flip_Flop_Q2"
 17. Post-Synthesis Netlist Statistics for Top Partition
 18. Elapsed Time Per Partition
 19. Analysis & Synthesis Messages



----------------
; Legal Notice ;
----------------
Copyright (C) 2020  Intel Corporation. All rights reserved.
Your use of Intel Corporation's design tools, logic functions 
and other software and tools, and any partner logic 
functions, and any output files from any of the foregoing 
(including device programming or simulation files), and any 
associated documentation or information are expressly subject 
to the terms and conditions of the Intel Program License 
Subscription Agreement, the Intel Quartus Prime License Agreement,
the Intel FPGA IP License Agreement, or other applicable license
agreement, including, without limitation, that your use is for
the sole purpose of programming logic devices manufactured by
Intel and sold by Intel or its authorized distributors.  Please
refer to the applicable agreement for further details, at
https://fpgasoftware.intel.com/eula.



+----------------------------------------------------------------------------------+
; Analysis & Synthesis Summary                                                     ;
+------------------------------------+---------------------------------------------+
; Analysis & Synthesis Status        ; Successful - Fri Dec 20 15:48:25 2024       ;
; Quartus Prime Version              ; 20.1.1 Build 720 11/11/2020 SJ Lite Edition ;
; Revision Name                      ; square_adder                                ;
; Top-level Entity Name              ; square_adder                                ;
; Family                             ; MAX 10                                      ;
; Total logic elements               ; 77                                          ;
;     Total combinational functions  ; 77                                          ;
;     Dedicated logic registers      ; 12                                          ;
; Total registers                    ; 12                                          ;
; Total pins                         ; 41                                          ;
; Total virtual pins                 ; 0                                           ;
; Total memory bits                  ; 0                                           ;
; Embedded Multiplier 9-bit elements ; 0                                           ;
; Total PLLs                         ; 0                                           ;
; UFM blocks                         ; 0                                           ;
; ADC blocks                         ; 0                                           ;
+------------------------------------+---------------------------------------------+


+------------------------------------------------------------------------------------------------------------+
; Analysis & Synthesis Settings                                                                              ;
+------------------------------------------------------------------+--------------------+--------------------+
; Option                                                           ; Setting            ; Default Value      ;
+------------------------------------------------------------------+--------------------+--------------------+
; Device                                                           ; 10M50DAF484C6GES   ;                    ;
; Top-level entity name                                            ; square_adder       ; square_adder       ;
; Family name                                                      ; MAX 10             ; Cyclone V          ;
; Use smart compilation                                            ; Off                ; Off                ;
; Enable parallel Assembler and Timing Analyzer during compilation ; On                 ; On                 ;
; Enable compact report table                                      ; Off                ; Off                ;
; Restructure Multiplexers                                         ; Auto               ; Auto               ;
; Create Debugging Nodes for IP Cores                              ; Off                ; Off                ;
; Preserve fewer node names                                        ; On                 ; On                 ;
; Intel FPGA IP Evaluation Mode                                    ; Enable             ; Enable             ;
; Verilog Version                                                  ; Verilog_2001       ; Verilog_2001       ;
; VHDL Version                                                     ; VHDL_1993          ; VHDL_1993          ;
; State Machine Processing                                         ; Auto               ; Auto               ;
; Safe State Machine                                               ; Off                ; Off                ;
; Extract Verilog State Machines                                   ; On                 ; On                 ;
; Extract VHDL State Machines                                      ; On                 ; On                 ;
; Ignore Verilog initial constructs                                ; Off                ; Off                ;
; Iteration limit for constant Verilog loops                       ; 5000               ; 5000               ;
; Iteration limit for non-constant Verilog loops                   ; 250                ; 250                ;
; Add Pass-Through Logic to Inferred RAMs                          ; On                 ; On                 ;
; Infer RAMs from Raw Logic                                        ; On                 ; On                 ;
; Parallel Synthesis                                               ; On                 ; On                 ;
; DSP Block Balancing                                              ; Auto               ; Auto               ;
; NOT Gate Push-Back                                               ; On                 ; On                 ;
; Power-Up Don't Care                                              ; On                 ; On                 ;
; Remove Redundant Logic Cells                                     ; Off                ; Off                ;
; Remove Duplicate Registers                                       ; On                 ; On                 ;
; Ignore CARRY Buffers                                             ; Off                ; Off                ;
; Ignore CASCADE Buffers                                           ; Off                ; Off                ;
; Ignore GLOBAL Buffers                                            ; Off                ; Off                ;
; Ignore ROW GLOBAL Buffers                                        ; Off                ; Off                ;
; Ignore LCELL Buffers                                             ; Off                ; Off                ;
; Ignore SOFT Buffers                                              ; On                 ; On                 ;
; Limit AHDL Integers to 32 Bits                                   ; Off                ; Off                ;
; Optimization Technique                                           ; Balanced           ; Balanced           ;
; Carry Chain Length                                               ; 70                 ; 70                 ;
; Auto Carry Chains                                                ; On                 ; On                 ;
; Auto Open-Drain Pins                                             ; On                 ; On                 ;
; Perform WYSIWYG Primitive Resynthesis                            ; Off                ; Off                ;
; Auto ROM Replacement                                             ; On                 ; On                 ;
; Auto RAM Replacement                                             ; On                 ; On                 ;
; Auto DSP Block Replacement                                       ; On                 ; On                 ;
; Auto Shift Register Replacement                                  ; Auto               ; Auto               ;
; Allow Shift Register Merging across Hierarchies                  ; Auto               ; Auto               ;
; Auto Clock Enable Replacement                                    ; On                 ; On                 ;
; Strict RAM Replacement                                           ; Off                ; Off                ;
; Allow Synchronous Control Signals                                ; On                 ; On                 ;
; Force Use of Synchronous Clear Signals                           ; Off                ; Off                ;
; Auto RAM Block Balancing                                         ; On                 ; On                 ;
; Auto RAM to Logic Cell Conversion                                ; Off                ; Off                ;
; Auto Resource Sharing                                            ; Off                ; Off                ;
; Allow Any RAM Size For Recognition                               ; Off                ; Off                ;
; Allow Any ROM Size For Recognition                               ; Off                ; Off                ;
; Allow Any Shift Register Size For Recognition                    ; Off                ; Off                ;
; Use LogicLock Constraints during Resource Balancing              ; On                 ; On                 ;
; Ignore translate_off and synthesis_off directives                ; Off                ; Off                ;
; Timing-Driven Synthesis                                          ; On                 ; On                 ;
; Report Parameter Settings                                        ; On                 ; On                 ;
; Report Source Assignments                                        ; On                 ; On                 ;
; Report Connectivity Checks                                       ; On                 ; On                 ;
; Ignore Maximum Fan-Out Assignments                               ; Off                ; Off                ;
; Synchronization Register Chain Length                            ; 2                  ; 2                  ;
; Power Optimization During Synthesis                              ; Normal compilation ; Normal compilation ;
; HDL message level                                                ; Level2             ; Level2             ;
; Suppress Register Optimization Related Messages                  ; Off                ; Off                ;
; Number of Removed Registers Reported in Synthesis Report         ; 5000               ; 5000               ;
; Number of Swept Nodes Reported in Synthesis Report               ; 5000               ; 5000               ;
; Number of Inverted Registers Reported in Synthesis Report        ; 100                ; 100                ;
; Clock MUX Protection                                             ; On                 ; On                 ;
; Auto Gated Clock Conversion                                      ; Off                ; Off                ;
; Block Design Naming                                              ; Auto               ; Auto               ;
; SDC constraint protection                                        ; Off                ; Off                ;
; Synthesis Effort                                                 ; Auto               ; Auto               ;
; Shift Register Replacement - Allow Asynchronous Clear Signal     ; On                 ; On                 ;
; Pre-Mapping Resynthesis Optimization                             ; Off                ; Off                ;
; Analysis & Synthesis Message Level                               ; Medium             ; Medium             ;
; Disable Register Merging Across Hierarchies                      ; Auto               ; Auto               ;
; Resource Aware Inference For Block RAM                           ; On                 ; On                 ;
+------------------------------------------------------------------+--------------------+--------------------+


+------------------------------------------+
; Parallel Compilation                     ;
+----------------------------+-------------+
; Processors                 ; Number      ;
+----------------------------+-------------+
; Number detected on machine ; 32          ;
; Maximum allowed            ; 16          ;
;                            ;             ;
; Average used               ; 1.00        ;
; Maximum used               ; 16          ;
;                            ;             ;
; Usage by Processor         ; % Time Used ;
;     Processor 1            ; 100.0%      ;
;     Processors 2-16        ;   0.0%      ;
+----------------------------+-------------+


+--------------------------------------------------------------------------------------------------------------------------------------------------------------------------+
; Analysis & Synthesis Source Files Read                                                                                                                                   ;
+----------------------------------+-----------------+-----------------+-----------------------------------------------------------------------------------------+---------+
; File Name with User-Entered Path ; Used in Netlist ; File Type       ; File Name with Absolute Path                                                            ; Library ;
+----------------------------------+-----------------+-----------------+-----------------------------------------------------------------------------------------+---------+
; STATE_MACHINE/asm_rom.vhd        ; yes             ; User VHDL File  ; C:/Isel/1Semestre/LSD/AV/AV_LAB3/SEM1.LSD.LAB3.SQUARE-ADDER/STATE_MACHINE/asm_rom.vhd   ;         ;
; STATE_MACHINE/asm.vhd            ; yes             ; User VHDL File  ; C:/Isel/1Semestre/LSD/AV/AV_LAB3/SEM1.LSD.LAB3.SQUARE-ADDER/STATE_MACHINE/asm.vhd       ;         ;
; REGISTRY/registry_8bits.vhd      ; yes             ; User VHDL File  ; C:/Isel/1Semestre/LSD/AV/AV_LAB3/SEM1.LSD.LAB3.SQUARE-ADDER/REGISTRY/registry_8bits.vhd ;         ;
; REGISTRY/FFD.vhd                 ; yes             ; User VHDL File  ; C:/Isel/1Semestre/LSD/AV/AV_LAB3/SEM1.LSD.LAB3.SQUARE-ADDER/REGISTRY/FFD.vhd            ;         ;
; ADDER/half_adder.vhd             ; yes             ; User VHDL File  ; C:/Isel/1Semestre/LSD/AV/AV_LAB3/SEM1.LSD.LAB3.SQUARE-ADDER/ADDER/half_adder.vhd        ;         ;
; ADDER/full_adder.vhd             ; yes             ; User VHDL File  ; C:/Isel/1Semestre/LSD/AV/AV_LAB3/SEM1.LSD.LAB3.SQUARE-ADDER/ADDER/full_adder.vhd        ;         ;
; ADDER/adder_8bits.vhd            ; yes             ; User VHDL File  ; C:/Isel/1Semestre/LSD/AV/AV_LAB3/SEM1.LSD.LAB3.SQUARE-ADDER/ADDER/adder_8bits.vhd       ;         ;
; DECODERS/int7seg.vhd             ; yes             ; User VHDL File  ; C:/Isel/1Semestre/LSD/AV/AV_LAB3/SEM1.LSD.LAB3.SQUARE-ADDER/DECODERS/int7seg.vhd        ;         ;
; DECODERS/decoderHex.vhd          ; yes             ; User VHDL File  ; C:/Isel/1Semestre/LSD/AV/AV_LAB3/SEM1.LSD.LAB3.SQUARE-ADDER/DECODERS/decoderHex.vhd     ;         ;
; DECODERS/bin2dec.vhd             ; yes             ; User VHDL File  ; C:/Isel/1Semestre/LSD/AV/AV_LAB3/SEM1.LSD.LAB3.SQUARE-ADDER/DECODERS/bin2dec.vhd        ;         ;
; square_adder.vhd                 ; yes             ; User VHDL File  ; C:/Isel/1Semestre/LSD/AV/AV_LAB3/SEM1.LSD.LAB3.SQUARE-ADDER/square_adder.vhd            ;         ;
; rom_squares.vhd                  ; yes             ; User VHDL File  ; C:/Isel/1Semestre/LSD/AV/AV_LAB3/SEM1.LSD.LAB3.SQUARE-ADDER/rom_squares.vhd             ;         ;
; MUX2x8.vhd                       ; yes             ; User VHDL File  ; C:/Isel/1Semestre/LSD/AV/AV_LAB3/SEM1.LSD.LAB3.SQUARE-ADDER/MUX2x8.vhd                  ;         ;
+----------------------------------+-----------------+-----------------+-----------------------------------------------------------------------------------------+---------+


+----------------------------------------------------------+
; Analysis & Synthesis Resource Usage Summary              ;
+---------------------------------------------+------------+
; Resource                                    ; Usage      ;
+---------------------------------------------+------------+
; Estimated Total logic elements              ; 77         ;
;                                             ;            ;
; Total combinational functions               ; 77         ;
; Logic element usage by number of LUT inputs ;            ;
;     -- 4 input functions                    ; 60         ;
;     -- 3 input functions                    ; 11         ;
;     -- <=2 input functions                  ; 6          ;
;                                             ;            ;
; Logic elements by mode                      ;            ;
;     -- normal mode                          ; 77         ;
;     -- arithmetic mode                      ; 0          ;
;                                             ;            ;
; Total registers                             ; 12         ;
;     -- Dedicated logic registers            ; 12         ;
;     -- I/O registers                        ; 0          ;
;                                             ;            ;
; I/O pins                                    ; 41         ;
;                                             ;            ;
; Embedded Multiplier 9-bit elements          ; 0          ;
;                                             ;            ;
; Maximum fan-out node                        ; MCLK~input ;
; Maximum fan-out                             ; 12         ;
; Total fan-out                               ; 398        ;
; Average fan-out                             ; 2.33       ;
+---------------------------------------------+------------+


+-------------------------------------------------------------------------------------------------------------------------------------------------------------------------------------------------------------------------------------------------------------------------------------------------------------------------------------------------+
; Analysis & Synthesis Resource Utilization by Entity                                                                                                                                                                                                                                                                                             ;
+---------------------------------------------+---------------------+---------------------------+-------------+------------+--------------+---------+-----------+------+--------------+------------+--------------------------------------------------------------------------------------------------------------+----------------+--------------+
; Compilation Hierarchy Node                  ; Combinational ALUTs ; Dedicated Logic Registers ; Memory Bits ; UFM Blocks ; DSP Elements ; DSP 9x9 ; DSP 18x18 ; Pins ; Virtual Pins ; ADC blocks ; Full Hierarchy Name                                                                                          ; Entity Name    ; Library Name ;
+---------------------------------------------+---------------------+---------------------------+-------------+------------+--------------+---------+-----------+------+--------------+------------+--------------------------------------------------------------------------------------------------------------+----------------+--------------+
; |square_adder                               ; 77 (0)              ; 12 (0)                    ; 0           ; 0          ; 0            ; 0       ; 0         ; 41   ; 0            ; 0          ; |square_adder                                                                                                ; square_adder   ; work         ;
;    |FFD:inst_FFD|                           ; 0 (0)               ; 1 (1)                     ; 0           ; 0          ; 0            ; 0       ; 0         ; 0    ; 0            ; 0          ; |square_adder|FFD:inst_FFD                                                                                   ; FFD            ; work         ;
;    |adder_8bits:inst_adder_8bits|           ; 15 (0)              ; 0 (0)                     ; 0           ; 0          ; 0            ; 0       ; 0         ; 0    ; 0            ; 0          ; |square_adder|adder_8bits:inst_adder_8bits                                                                   ; adder_8bits    ; work         ;
;       |full_adder:instance_full_adder_1|    ; 1 (0)               ; 0 (0)                     ; 0           ; 0          ; 0            ; 0       ; 0         ; 0    ; 0            ; 0          ; |square_adder|adder_8bits:inst_adder_8bits|full_adder:instance_full_adder_1                                  ; full_adder     ; work         ;
;          |half_adder:instance_half_adder_1| ; 1 (1)               ; 0 (0)                     ; 0           ; 0          ; 0            ; 0       ; 0         ; 0    ; 0            ; 0          ; |square_adder|adder_8bits:inst_adder_8bits|full_adder:instance_full_adder_1|half_adder:instance_half_adder_1 ; half_adder     ; work         ;
;       |full_adder:instance_full_adder_3|    ; 2 (1)               ; 0 (0)                     ; 0           ; 0          ; 0            ; 0       ; 0         ; 0    ; 0            ; 0          ; |square_adder|adder_8bits:inst_adder_8bits|full_adder:instance_full_adder_3                                  ; full_adder     ; work         ;
;          |half_adder:instance_half_adder_2| ; 1 (1)               ; 0 (0)                     ; 0           ; 0          ; 0            ; 0       ; 0         ; 0    ; 0            ; 0          ; |square_adder|adder_8bits:inst_adder_8bits|full_adder:instance_full_adder_3|half_adder:instance_half_adder_2 ; half_adder     ; work         ;
;       |full_adder:instance_full_adder_4|    ; 2 (1)               ; 0 (0)                     ; 0           ; 0          ; 0            ; 0       ; 0         ; 0    ; 0            ; 0          ; |square_adder|adder_8bits:inst_adder_8bits|full_adder:instance_full_adder_4                                  ; full_adder     ; work         ;
;          |half_adder:instance_half_adder_2| ; 1 (1)               ; 0 (0)                     ; 0           ; 0          ; 0            ; 0       ; 0         ; 0    ; 0            ; 0          ; |square_adder|adder_8bits:inst_adder_8bits|full_adder:instance_full_adder_4|half_adder:instance_half_adder_2 ; half_adder     ; work         ;
;       |full_adder:instance_full_adder_5|    ; 2 (1)               ; 0 (0)                     ; 0           ; 0          ; 0            ; 0       ; 0         ; 0    ; 0            ; 0          ; |square_adder|adder_8bits:inst_adder_8bits|full_adder:instance_full_adder_5                                  ; full_adder     ; work         ;
;          |half_adder:instance_half_adder_2| ; 1 (1)               ; 0 (0)                     ; 0           ; 0          ; 0            ; 0       ; 0         ; 0    ; 0            ; 0          ; |square_adder|adder_8bits:inst_adder_8bits|full_adder:instance_full_adder_5|half_adder:instance_half_adder_2 ; half_adder     ; work         ;
;       |full_adder:instance_full_adder_6|    ; 4 (3)               ; 0 (0)                     ; 0           ; 0          ; 0            ; 0       ; 0         ; 0    ; 0            ; 0          ; |square_adder|adder_8bits:inst_adder_8bits|full_adder:instance_full_adder_6                                  ; full_adder     ; work         ;
;          |half_adder:instance_half_adder_2| ; 1 (1)               ; 0 (0)                     ; 0           ; 0          ; 0            ; 0       ; 0         ; 0    ; 0            ; 0          ; |square_adder|adder_8bits:inst_adder_8bits|full_adder:instance_full_adder_6|half_adder:instance_half_adder_2 ; half_adder     ; work         ;
;       |full_adder:instance_full_adder_7|    ; 2 (1)               ; 0 (0)                     ; 0           ; 0          ; 0            ; 0       ; 0         ; 0    ; 0            ; 0          ; |square_adder|adder_8bits:inst_adder_8bits|full_adder:instance_full_adder_7                                  ; full_adder     ; work         ;
;          |half_adder:instance_half_adder_2| ; 1 (1)               ; 0 (0)                     ; 0           ; 0          ; 0            ; 0       ; 0         ; 0    ; 0            ; 0          ; |square_adder|adder_8bits:inst_adder_8bits|full_adder:instance_full_adder_7|half_adder:instance_half_adder_2 ; half_adder     ; work         ;
;       |full_adder:instance_full_adder_8|    ; 2 (1)               ; 0 (0)                     ; 0           ; 0          ; 0            ; 0       ; 0         ; 0    ; 0            ; 0          ; |square_adder|adder_8bits:inst_adder_8bits|full_adder:instance_full_adder_8                                  ; full_adder     ; work         ;
;          |half_adder:instance_half_adder_2| ; 1 (1)               ; 0 (0)                     ; 0           ; 0          ; 0            ; 0       ; 0         ; 0    ; 0            ; 0          ; |square_adder|adder_8bits:inst_adder_8bits|full_adder:instance_full_adder_8|half_adder:instance_half_adder_2 ; half_adder     ; work         ;
;    |asm:inst_asm|                           ; 7 (0)               ; 3 (0)                     ; 0           ; 0          ; 0            ; 0       ; 0         ; 0    ; 0            ; 0          ; |square_adder|asm:inst_asm                                                                                   ; asm            ; work         ;
;       |FFD:Flip_Flop_Q0|                    ; 0 (0)               ; 1 (1)                     ; 0           ; 0          ; 0            ; 0       ; 0         ; 0    ; 0            ; 0          ; |square_adder|asm:inst_asm|FFD:Flip_Flop_Q0                                                                  ; FFD            ; work         ;
;       |FFD:Flip_Flop_Q1|                    ; 0 (0)               ; 1 (1)                     ; 0           ; 0          ; 0            ; 0       ; 0         ; 0    ; 0            ; 0          ; |square_adder|asm:inst_asm|FFD:Flip_Flop_Q1                                                                  ; FFD            ; work         ;
;       |FFD:Flip_Flop_Q2|                    ; 0 (0)               ; 1 (1)                     ; 0           ; 0          ; 0            ; 0       ; 0         ; 0    ; 0            ; 0          ; |square_adder|asm:inst_asm|FFD:Flip_Flop_Q2                                                                  ; FFD            ; work         ;
;       |asm_rom:ROM|                         ; 7 (7)               ; 0 (0)                     ; 0           ; 0          ; 0            ; 0       ; 0         ; 0    ; 0            ; 0          ; |square_adder|asm:inst_asm|asm_rom:ROM                                                                       ; asm_rom        ; work         ;
;    |decoderHex:inst_decoderHex|             ; 39 (0)              ; 0 (0)                     ; 0           ; 0          ; 0            ; 0       ; 0         ; 0    ; 0            ; 0          ; |square_adder|decoderHex:inst_decoderHex                                                                     ; decoderHex     ; work         ;
;       |bin2bcd:U3|                          ; 22 (22)             ; 0 (0)                     ; 0           ; 0          ; 0            ; 0       ; 0         ; 0    ; 0            ; 0          ; |square_adder|decoderHex:inst_decoderHex|bin2bcd:U3                                                          ; bin2bcd        ; work         ;
;       |int7seg:U0|                          ; 7 (7)               ; 0 (0)                     ; 0           ; 0          ; 0            ; 0       ; 0         ; 0    ; 0            ; 0          ; |square_adder|decoderHex:inst_decoderHex|int7seg:U0                                                          ; int7seg        ; work         ;
;       |int7seg:U1|                          ; 7 (7)               ; 0 (0)                     ; 0           ; 0          ; 0            ; 0       ; 0         ; 0    ; 0            ; 0          ; |square_adder|decoderHex:inst_decoderHex|int7seg:U1                                                          ; int7seg        ; work         ;
;       |int7seg:U2|                          ; 3 (3)               ; 0 (0)                     ; 0           ; 0          ; 0            ; 0       ; 0         ; 0    ; 0            ; 0          ; |square_adder|decoderHex:inst_decoderHex|int7seg:U2                                                          ; int7seg        ; work         ;
;    |mux_2x8:inst_mux_2x8|                   ; 8 (8)               ; 0 (0)                     ; 0           ; 0          ; 0            ; 0       ; 0         ; 0    ; 0            ; 0          ; |square_adder|mux_2x8:inst_mux_2x8                                                                           ; mux_2x8        ; work         ;
;    |registry_8bits:inst_registry_8bits|     ; 2 (0)               ; 8 (0)                     ; 0           ; 0          ; 0            ; 0       ; 0         ; 0    ; 0            ; 0          ; |square_adder|registry_8bits:inst_registry_8bits                                                             ; registry_8bits ; work         ;
;       |FFD:FFD1|                            ; 1 (1)               ; 1 (1)                     ; 0           ; 0          ; 0            ; 0       ; 0         ; 0    ; 0            ; 0          ; |square_adder|registry_8bits:inst_registry_8bits|FFD:FFD1                                                    ; FFD            ; work         ;
;       |FFD:FFD2|                            ; 1 (1)               ; 1 (1)                     ; 0           ; 0          ; 0            ; 0       ; 0         ; 0    ; 0            ; 0          ; |square_adder|registry_8bits:inst_registry_8bits|FFD:FFD2                                                    ; FFD            ; work         ;
;       |FFD:FFD3|                            ; 0 (0)               ; 1 (1)                     ; 0           ; 0          ; 0            ; 0       ; 0         ; 0    ; 0            ; 0          ; |square_adder|registry_8bits:inst_registry_8bits|FFD:FFD3                                                    ; FFD            ; work         ;
;       |FFD:FFD4|                            ; 0 (0)               ; 1 (1)                     ; 0           ; 0          ; 0            ; 0       ; 0         ; 0    ; 0            ; 0          ; |square_adder|registry_8bits:inst_registry_8bits|FFD:FFD4                                                    ; FFD            ; work         ;
;       |FFD:FFD5|                            ; 0 (0)               ; 1 (1)                     ; 0           ; 0          ; 0            ; 0       ; 0         ; 0    ; 0            ; 0          ; |square_adder|registry_8bits:inst_registry_8bits|FFD:FFD5                                                    ; FFD            ; work         ;
;       |FFD:FFD6|                            ; 0 (0)               ; 1 (1)                     ; 0           ; 0          ; 0            ; 0       ; 0         ; 0    ; 0            ; 0          ; |square_adder|registry_8bits:inst_registry_8bits|FFD:FFD6                                                    ; FFD            ; work         ;
;       |FFD:FFD7|                            ; 0 (0)               ; 1 (1)                     ; 0           ; 0          ; 0            ; 0       ; 0         ; 0    ; 0            ; 0          ; |square_adder|registry_8bits:inst_registry_8bits|FFD:FFD7                                                    ; FFD            ; work         ;
;       |FFD:FFD8|                            ; 0 (0)               ; 1 (1)                     ; 0           ; 0          ; 0            ; 0       ; 0         ; 0    ; 0            ; 0          ; |square_adder|registry_8bits:inst_registry_8bits|FFD:FFD8                                                    ; FFD            ; work         ;
;    |rom_squares:inst_rom_squares|           ; 6 (6)               ; 0 (0)                     ; 0           ; 0          ; 0            ; 0       ; 0         ; 0    ; 0            ; 0          ; |square_adder|rom_squares:inst_rom_squares                                                                   ; rom_squares    ; work         ;
+---------------------------------------------+---------------------+---------------------------+-------------+------------+--------------+---------+-----------+------+--------------+------------+--------------------------------------------------------------------------------------------------------------+----------------+--------------+
Note: For table entries with two numbers listed, the numbers in parentheses indicate the number of resources of the given type used by the specific entity alone. The numbers listed outside of parentheses indicate the total resources of the given type used by the specific entity and all of its sub-entities in the hierarchy.


+------------------------------------------------------+
; General Register Statistics                          ;
+----------------------------------------------+-------+
; Statistic                                    ; Value ;
+----------------------------------------------+-------+
; Total registers                              ; 12    ;
; Number of registers using Synchronous Clear  ; 0     ;
; Number of registers using Synchronous Load   ; 0     ;
; Number of registers using Asynchronous Clear ; 12    ;
; Number of registers using Asynchronous Load  ; 0     ;
; Number of registers using Clock Enable       ; 7     ;
; Number of registers using Preset             ; 0     ;
+----------------------------------------------+-------+


+---------------------------------------------------------------------------------------------------------------------------------------------------------------------------+
; Multiplexer Restructuring Statistics (Restructuring Performed)                                                                                                            ;
+--------------------+-----------+---------------+----------------------+------------------------+------------+-------------------------------------------------------------+
; Multiplexer Inputs ; Bus Width ; Baseline Area ; Area if Restructured ; Saving if Restructured ; Registered ; Example Multiplexer Output                                  ;
+--------------------+-----------+---------------+----------------------+------------------------+------------+-------------------------------------------------------------+
; 4:1                ; 2 bits    ; 4 LEs         ; 4 LEs                ; 0 LEs                  ; No         ; |square_adder|decoderHex:inst_decoderHex|int7seg:U2|dOut[2] ;
; 16:1               ; 2 bits    ; 20 LEs        ; 12 LEs               ; 8 LEs                  ; No         ; |square_adder|rom_squares:inst_rom_squares|data[3]          ;
+--------------------+-----------+---------------+----------------------+------------------------+------------+-------------------------------------------------------------+


+--------------------------------------------------------+
; Port Connectivity Checks: "decoderHex:inst_decoderHex" ;
+-------+-------+----------+-----------------------------+
; Port  ; Type  ; Severity ; Details                     ;
+-------+-------+----------+-----------------------------+
; clear ; Input ; Info     ; Stuck at GND                ;
+-------+-------+----------+-----------------------------+


+------------------------------------------+
; Port Connectivity Checks: "FFD:inst_FFD" ;
+------+-------+----------+----------------+
; Port ; Type  ; Severity ; Details        ;
+------+-------+----------+----------------+
; set  ; Input ; Info     ; Stuck at GND   ;
+------+-------+----------+----------------+


+----------------------------------------------------------------+
; Port Connectivity Checks: "registry_8bits:inst_registry_8bits" ;
+------+-------+----------+--------------------------------------+
; Port ; Type  ; Severity ; Details                              ;
+------+-------+----------+--------------------------------------+
; set  ; Input ; Info     ; Stuck at GND                         ;
+------+-------+----------+--------------------------------------+


+-------------------------------------------------------------------------------------------+
; Port Connectivity Checks: "adder_8bits:inst_adder_8bits|full_adder:instance_full_adder_1" ;
+----------+-------+----------+-------------------------------------------------------------+
; Port     ; Type  ; Severity ; Details                                                     ;
+----------+-------+----------+-------------------------------------------------------------+
; carry_in ; Input ; Info     ; Stuck at GND                                                ;
+----------+-------+----------+-------------------------------------------------------------+


+-----------------------------------------------------------+
; Port Connectivity Checks: "asm:inst_asm|FFD:Flip_Flop_Q0" ;
+------+-------+----------+---------------------------------+
; Port ; Type  ; Severity ; Details                         ;
+------+-------+----------+---------------------------------+
; set  ; Input ; Info     ; Stuck at GND                    ;
; en   ; Input ; Info     ; Stuck at VCC                    ;
+------+-------+----------+---------------------------------+


+-----------------------------------------------------------+
; Port Connectivity Checks: "asm:inst_asm|FFD:Flip_Flop_Q1" ;
+------+-------+----------+---------------------------------+
; Port ; Type  ; Severity ; Details                         ;
+------+-------+----------+---------------------------------+
; set  ; Input ; Info     ; Stuck at GND                    ;
; en   ; Input ; Info     ; Stuck at VCC                    ;
+------+-------+----------+---------------------------------+


+-----------------------------------------------------------+
; Port Connectivity Checks: "asm:inst_asm|FFD:Flip_Flop_Q2" ;
+------+-------+----------+---------------------------------+
; Port ; Type  ; Severity ; Details                         ;
+------+-------+----------+---------------------------------+
; set  ; Input ; Info     ; Stuck at GND                    ;
; en   ; Input ; Info     ; Stuck at VCC                    ;
+------+-------+----------+---------------------------------+


+-----------------------------------------------------+
; Post-Synthesis Netlist Statistics for Top Partition ;
+-----------------------+-----------------------------+
; Type                  ; Count                       ;
+-----------------------+-----------------------------+
; boundary_port         ; 41                          ;
; cycloneiii_ff         ; 12                          ;
;     CLR               ; 5                           ;
;     ENA CLR           ; 7                           ;
; cycloneiii_lcell_comb ; 83                          ;
;     normal            ; 83                          ;
;         0 data inputs ; 2                           ;
;         1 data inputs ; 4                           ;
;         2 data inputs ; 6                           ;
;         3 data inputs ; 11                          ;
;         4 data inputs ; 60                          ;
;                       ;                             ;
; Max LUT depth         ; 8.00                        ;
; Average LUT depth     ; 6.10                        ;
+-----------------------+-----------------------------+


+-------------------------------+
; Elapsed Time Per Partition    ;
+----------------+--------------+
; Partition Name ; Elapsed Time ;
+----------------+--------------+
; Top            ; 00:00:00     ;
+----------------+--------------+


+-------------------------------+
; Analysis & Synthesis Messages ;
+-------------------------------+
Info: *******************************************************************
Info: Running Quartus Prime Analysis & Synthesis
    Info: Version 20.1.1 Build 720 11/11/2020 SJ Lite Edition
    Info: Processing started: Fri Dec 20 15:48:21 2024
Info: Command: quartus_map --read_settings_files=on --write_settings_files=off square_adder -c square_adder
Warning (18236): Number of processors has not been specified which may cause overloading on shared machines.  Set the global assignment NUM_PARALLEL_PROCESSORS in your QSF to an appropriate value for best performance.
Info (20030): Parallel compilation is enabled and will use 16 of the 24 processors detected
Info (12021): Found 2 design units, including 1 entities, in source file state_machine/registry_3bits.vhd
    Info (12022): Found design unit 1: registry_3bits-behavioral File: C:/Isel/1Semestre/LSD/AV/AV_LAB3/SEM1.LSD.LAB3.SQUARE-ADDER/STATE_MACHINE/registry_3bits.vhd Line: 21
    Info (12023): Found entity 1: registry_3bits File: C:/Isel/1Semestre/LSD/AV/AV_LAB3/SEM1.LSD.LAB3.SQUARE-ADDER/STATE_MACHINE/registry_3bits.vhd Line: 7
Info (12021): Found 2 design units, including 1 entities, in source file state_machine/asm_rom.vhd
    Info (12022): Found design unit 1: asm_rom-logicFunction File: C:/Isel/1Semestre/LSD/AV/AV_LAB3/SEM1.LSD.LAB3.SQUARE-ADDER/STATE_MACHINE/asm_rom.vhd Line: 13
    Info (12023): Found entity 1: asm_rom File: C:/Isel/1Semestre/LSD/AV/AV_LAB3/SEM1.LSD.LAB3.SQUARE-ADDER/STATE_MACHINE/asm_rom.vhd Line: 5
Info (12021): Found 2 design units, including 1 entities, in source file state_machine/asm.vhd
    Info (12022): Found design unit 1: asm-structural File: C:/Isel/1Semestre/LSD/AV/AV_LAB3/SEM1.LSD.LAB3.SQUARE-ADDER/STATE_MACHINE/asm.vhd Line: 22
    Info (12023): Found entity 1: asm File: C:/Isel/1Semestre/LSD/AV/AV_LAB3/SEM1.LSD.LAB3.SQUARE-ADDER/STATE_MACHINE/asm.vhd Line: 5
Info (12021): Found 2 design units, including 1 entities, in source file registry/registry_8bits.vhd
    Info (12022): Found design unit 1: registry_8bits-behavioral File: C:/Isel/1Semestre/LSD/AV/AV_LAB3/SEM1.LSD.LAB3.SQUARE-ADDER/REGISTRY/registry_8bits.vhd Line: 15
    Info (12023): Found entity 1: registry_8bits File: C:/Isel/1Semestre/LSD/AV/AV_LAB3/SEM1.LSD.LAB3.SQUARE-ADDER/REGISTRY/registry_8bits.vhd Line: 4
Info (12021): Found 2 design units, including 1 entities, in source file registry/ffd.vhd
    Info (12022): Found design unit 1: FFD-logicFunction File: C:/Isel/1Semestre/LSD/AV/AV_LAB3/SEM1.LSD.LAB3.SQUARE-ADDER/REGISTRY/FFD.vhd Line: 17
    Info (12023): Found entity 1: FFD File: C:/Isel/1Semestre/LSD/AV/AV_LAB3/SEM1.LSD.LAB3.SQUARE-ADDER/REGISTRY/FFD.vhd Line: 5
Info (12021): Found 2 design units, including 1 entities, in source file adder/half_adder.vhd
    Info (12022): Found design unit 1: half_adder-structural File: C:/Isel/1Semestre/LSD/AV/AV_LAB3/SEM1.LSD.LAB3.SQUARE-ADDER/ADDER/half_adder.vhd Line: 19
    Info (12023): Found entity 1: half_adder File: C:/Isel/1Semestre/LSD/AV/AV_LAB3/SEM1.LSD.LAB3.SQUARE-ADDER/ADDER/half_adder.vhd Line: 6
Info (12021): Found 2 design units, including 1 entities, in source file adder/full_adder.vhd
    Info (12022): Found design unit 1: full_adder-behavioral File: C:/Isel/1Semestre/LSD/AV/AV_LAB3/SEM1.LSD.LAB3.SQUARE-ADDER/ADDER/full_adder.vhd Line: 21
    Info (12023): Found entity 1: full_adder File: C:/Isel/1Semestre/LSD/AV/AV_LAB3/SEM1.LSD.LAB3.SQUARE-ADDER/ADDER/full_adder.vhd Line: 6
Info (12021): Found 2 design units, including 1 entities, in source file adder/adder_8bits.vhd
    Info (12022): Found design unit 1: adder_8bits-behavioral File: C:/Isel/1Semestre/LSD/AV/AV_LAB3/SEM1.LSD.LAB3.SQUARE-ADDER/ADDER/adder_8bits.vhd Line: 20
    Info (12023): Found entity 1: adder_8bits File: C:/Isel/1Semestre/LSD/AV/AV_LAB3/SEM1.LSD.LAB3.SQUARE-ADDER/ADDER/adder_8bits.vhd Line: 6
Info (12021): Found 2 design units, including 1 entities, in source file decoders/int7seg.vhd
    Info (12022): Found design unit 1: int7seg-logicFunction File: C:/Isel/1Semestre/LSD/AV/AV_LAB3/SEM1.LSD.LAB3.SQUARE-ADDER/DECODERS/int7seg.vhd Line: 14
    Info (12023): Found entity 1: int7seg File: C:/Isel/1Semestre/LSD/AV/AV_LAB3/SEM1.LSD.LAB3.SQUARE-ADDER/DECODERS/int7seg.vhd Line: 6
Info (12021): Found 2 design units, including 1 entities, in source file decoders/decoderhex.vhd
    Info (12022): Found design unit 1: decoderHex-logicFunction File: C:/Isel/1Semestre/LSD/AV/AV_LAB3/SEM1.LSD.LAB3.SQUARE-ADDER/DECODERS/decoderHex.vhd Line: 16
    Info (12023): Found entity 1: decoderHex File: C:/Isel/1Semestre/LSD/AV/AV_LAB3/SEM1.LSD.LAB3.SQUARE-ADDER/DECODERS/decoderHex.vhd Line: 5
Info (12021): Found 2 design units, including 1 entities, in source file decoders/bin2dec.vhd
    Info (12022): Found design unit 1: bin2bcd-Behavioral File: C:/Isel/1Semestre/LSD/AV/AV_LAB3/SEM1.LSD.LAB3.SQUARE-ADDER/DECODERS/bin2dec.vhd Line: 11
    Info (12023): Found entity 1: bin2bcd File: C:/Isel/1Semestre/LSD/AV/AV_LAB3/SEM1.LSD.LAB3.SQUARE-ADDER/DECODERS/bin2dec.vhd Line: 6
Info (12021): Found 2 design units, including 1 entities, in source file square_adder.vhd
    Info (12022): Found design unit 1: square_adder-behavioral File: C:/Isel/1Semestre/LSD/AV/AV_LAB3/SEM1.LSD.LAB3.SQUARE-ADDER/square_adder.vhd Line: 18
    Info (12023): Found entity 1: square_adder File: C:/Isel/1Semestre/LSD/AV/AV_LAB3/SEM1.LSD.LAB3.SQUARE-ADDER/square_adder.vhd Line: 4
Info (12021): Found 2 design units, including 1 entities, in source file rom_squares.vhd
    Info (12022): Found design unit 1: rom_squares-logicFunction File: C:/Isel/1Semestre/LSD/AV/AV_LAB3/SEM1.LSD.LAB3.SQUARE-ADDER/rom_squares.vhd Line: 13
    Info (12023): Found entity 1: rom_squares File: C:/Isel/1Semestre/LSD/AV/AV_LAB3/SEM1.LSD.LAB3.SQUARE-ADDER/rom_squares.vhd Line: 5
Info (12021): Found 2 design units, including 1 entities, in source file mux2x8.vhd
    Info (12022): Found design unit 1: mux_2x8-structural File: C:/Isel/1Semestre/LSD/AV/AV_LAB3/SEM1.LSD.LAB3.SQUARE-ADDER/MUX2x8.vhd Line: 21
    Info (12023): Found entity 1: mux_2x8 File: C:/Isel/1Semestre/LSD/AV/AV_LAB3/SEM1.LSD.LAB3.SQUARE-ADDER/MUX2x8.vhd Line: 6
Info (12021): Found 2 design units, including 1 entities, in source file tlab3_tb_new.vhd
    Info (12022): Found design unit 1: TLAB3_tb-TLAB3_tb_arch File: C:/Isel/1Semestre/LSD/AV/AV_LAB3/SEM1.LSD.LAB3.SQUARE-ADDER/TLAB3_tb_new.vhd Line: 7
    Info (12023): Found entity 1: TLAB3_tb File: C:/Isel/1Semestre/LSD/AV/AV_LAB3/SEM1.LSD.LAB3.SQUARE-ADDER/TLAB3_tb_new.vhd Line: 4
Info (12021): Found 2 design units, including 1 entities, in source file mux2x1.vhd
    Info (12022): Found design unit 1: mux_2x1-structural File: C:/Isel/1Semestre/LSD/AV/AV_LAB3/SEM1.LSD.LAB3.SQUARE-ADDER/MUX2x1.vhd Line: 21
    Info (12023): Found entity 1: mux_2x1 File: C:/Isel/1Semestre/LSD/AV/AV_LAB3/SEM1.LSD.LAB3.SQUARE-ADDER/MUX2x1.vhd Line: 6
Info (12127): Elaborating entity "square_adder" for the top level hierarchy
Info (12128): Elaborating entity "asm" for hierarchy "asm:inst_asm" File: C:/Isel/1Semestre/LSD/AV/AV_LAB3/SEM1.LSD.LAB3.SQUARE-ADDER/square_adder.vhd Line: 139
Info (12128): Elaborating entity "FFD" for hierarchy "asm:inst_asm|FFD:Flip_Flop_Q2" File: C:/Isel/1Semestre/LSD/AV/AV_LAB3/SEM1.LSD.LAB3.SQUARE-ADDER/STATE_MACHINE/asm.vhd Line: 64
Info (12128): Elaborating entity "asm_rom" for hierarchy "asm:inst_asm|asm_rom:ROM" File: C:/Isel/1Semestre/LSD/AV/AV_LAB3/SEM1.LSD.LAB3.SQUARE-ADDER/STATE_MACHINE/asm.vhd Line: 98
Info (10041): Inferred latch for "data[0]" at asm_rom.vhd(15) File: C:/Isel/1Semestre/LSD/AV/AV_LAB3/SEM1.LSD.LAB3.SQUARE-ADDER/STATE_MACHINE/asm_rom.vhd Line: 15
Info (10041): Inferred latch for "data[1]" at asm_rom.vhd(15) File: C:/Isel/1Semestre/LSD/AV/AV_LAB3/SEM1.LSD.LAB3.SQUARE-ADDER/STATE_MACHINE/asm_rom.vhd Line: 15
Info (10041): Inferred latch for "data[2]" at asm_rom.vhd(15) File: C:/Isel/1Semestre/LSD/AV/AV_LAB3/SEM1.LSD.LAB3.SQUARE-ADDER/STATE_MACHINE/asm_rom.vhd Line: 15
Info (10041): Inferred latch for "data[3]" at asm_rom.vhd(15) File: C:/Isel/1Semestre/LSD/AV/AV_LAB3/SEM1.LSD.LAB3.SQUARE-ADDER/STATE_MACHINE/asm_rom.vhd Line: 15
Info (10041): Inferred latch for "data[4]" at asm_rom.vhd(15) File: C:/Isel/1Semestre/LSD/AV/AV_LAB3/SEM1.LSD.LAB3.SQUARE-ADDER/STATE_MACHINE/asm_rom.vhd Line: 15
Info (10041): Inferred latch for "data[5]" at asm_rom.vhd(15) File: C:/Isel/1Semestre/LSD/AV/AV_LAB3/SEM1.LSD.LAB3.SQUARE-ADDER/STATE_MACHINE/asm_rom.vhd Line: 15
Info (12128): Elaborating entity "rom_squares" for hierarchy "rom_squares:inst_rom_squares" File: C:/Isel/1Semestre/LSD/AV/AV_LAB3/SEM1.LSD.LAB3.SQUARE-ADDER/square_adder.vhd Line: 154
Info (10041): Inferred latch for "data[0]" at rom_squares.vhd(16) File: C:/Isel/1Semestre/LSD/AV/AV_LAB3/SEM1.LSD.LAB3.SQUARE-ADDER/rom_squares.vhd Line: 16
Info (10041): Inferred latch for "data[1]" at rom_squares.vhd(16) File: C:/Isel/1Semestre/LSD/AV/AV_LAB3/SEM1.LSD.LAB3.SQUARE-ADDER/rom_squares.vhd Line: 16
Info (10041): Inferred latch for "data[2]" at rom_squares.vhd(16) File: C:/Isel/1Semestre/LSD/AV/AV_LAB3/SEM1.LSD.LAB3.SQUARE-ADDER/rom_squares.vhd Line: 16
Info (10041): Inferred latch for "data[3]" at rom_squares.vhd(16) File: C:/Isel/1Semestre/LSD/AV/AV_LAB3/SEM1.LSD.LAB3.SQUARE-ADDER/rom_squares.vhd Line: 16
Info (10041): Inferred latch for "data[4]" at rom_squares.vhd(16) File: C:/Isel/1Semestre/LSD/AV/AV_LAB3/SEM1.LSD.LAB3.SQUARE-ADDER/rom_squares.vhd Line: 16
Info (10041): Inferred latch for "data[5]" at rom_squares.vhd(16) File: C:/Isel/1Semestre/LSD/AV/AV_LAB3/SEM1.LSD.LAB3.SQUARE-ADDER/rom_squares.vhd Line: 16
Info (10041): Inferred latch for "data[6]" at rom_squares.vhd(16) File: C:/Isel/1Semestre/LSD/AV/AV_LAB3/SEM1.LSD.LAB3.SQUARE-ADDER/rom_squares.vhd Line: 16
Info (10041): Inferred latch for "data[7]" at rom_squares.vhd(16) File: C:/Isel/1Semestre/LSD/AV/AV_LAB3/SEM1.LSD.LAB3.SQUARE-ADDER/rom_squares.vhd Line: 16
Info (12128): Elaborating entity "adder_8bits" for hierarchy "adder_8bits:inst_adder_8bits" File: C:/Isel/1Semestre/LSD/AV/AV_LAB3/SEM1.LSD.LAB3.SQUARE-ADDER/square_adder.vhd Line: 161
Info (12128): Elaborating entity "full_adder" for hierarchy "adder_8bits:inst_adder_8bits|full_adder:instance_full_adder_1" File: C:/Isel/1Semestre/LSD/AV/AV_LAB3/SEM1.LSD.LAB3.SQUARE-ADDER/ADDER/adder_8bits.vhd Line: 60
Info (12128): Elaborating entity "half_adder" for hierarchy "adder_8bits:inst_adder_8bits|full_adder:instance_full_adder_1|half_adder:instance_half_adder_1" File: C:/Isel/1Semestre/LSD/AV/AV_LAB3/SEM1.LSD.LAB3.SQUARE-ADDER/ADDER/full_adder.vhd Line: 48
Info (12128): Elaborating entity "registry_8bits" for hierarchy "registry_8bits:inst_registry_8bits" File: C:/Isel/1Semestre/LSD/AV/AV_LAB3/SEM1.LSD.LAB3.SQUARE-ADDER/square_adder.vhd Line: 171
Info (12128): Elaborating entity "mux_2x8" for hierarchy "mux_2x8:inst_mux_2x8" File: C:/Isel/1Semestre/LSD/AV/AV_LAB3/SEM1.LSD.LAB3.SQUARE-ADDER/square_adder.vhd Line: 182
Info (12128): Elaborating entity "decoderHex" for hierarchy "decoderHex:inst_decoderHex" File: C:/Isel/1Semestre/LSD/AV/AV_LAB3/SEM1.LSD.LAB3.SQUARE-ADDER/square_adder.vhd Line: 202
Info (12128): Elaborating entity "int7seg" for hierarchy "decoderHex:inst_decoderHex|int7seg:U0" File: C:/Isel/1Semestre/LSD/AV/AV_LAB3/SEM1.LSD.LAB3.SQUARE-ADDER/DECODERS/decoderHex.vhd Line: 48
Info (12128): Elaborating entity "bin2bcd" for hierarchy "decoderHex:inst_decoderHex|bin2bcd:U3" File: C:/Isel/1Semestre/LSD/AV/AV_LAB3/SEM1.LSD.LAB3.SQUARE-ADDER/DECODERS/decoderHex.vhd Line: 67
Warning (13024): Output pins are stuck at VCC or GND
    Warning (13410): Pin "HEX0[7]" is stuck at VCC File: C:/Isel/1Semestre/LSD/AV/AV_LAB3/SEM1.LSD.LAB3.SQUARE-ADDER/square_adder.vhd Line: 14
    Warning (13410): Pin "HEX1[7]" is stuck at VCC File: C:/Isel/1Semestre/LSD/AV/AV_LAB3/SEM1.LSD.LAB3.SQUARE-ADDER/square_adder.vhd Line: 14
    Warning (13410): Pin "HEX2[1]" is stuck at GND File: C:/Isel/1Semestre/LSD/AV/AV_LAB3/SEM1.LSD.LAB3.SQUARE-ADDER/square_adder.vhd Line: 14
    Warning (13410): Pin "HEX2[7]" is stuck at VCC File: C:/Isel/1Semestre/LSD/AV/AV_LAB3/SEM1.LSD.LAB3.SQUARE-ADDER/square_adder.vhd Line: 14
Info (286030): Timing-Driven Synthesis is running
Info (16010): Generating hard_block partition "hard_block:auto_generated_inst"
    Info (16011): Adding 0 node(s), including 0 DDIO, 0 PLL, 0 transceiver and 0 LCELL
Info (21057): Implemented 118 device resources after synthesis - the final resource count might be different
    Info (21058): Implemented 8 input pins
    Info (21059): Implemented 33 output pins
    Info (21061): Implemented 77 logic cells
Info: Quartus Prime Analysis & Synthesis was successful. 0 errors, 6 warnings
    Info: Peak virtual memory: 4857 megabytes
    Info: Processing ended: Fri Dec 20 15:48:25 2024
    Info: Elapsed time: 00:00:04
    Info: Total CPU time (on all processors): 00:00:04


